# JRE version: Java(TM) SE Runtime Environment (8.0_65-b17) (build 1.8.0_65-b17)
# Java VM: Java HotSpot(TM) 64-Bit Server VM (25.65-b01 mixed mode bsd-amd64 compressed oops)
Heap:
 garbage-first heap   total 262144K, used 118992K [0x0000000780000000, 0x0000000780100800, 0x00000007c0000000)
  region size 1024K, 33 young (33792K), 4 survivors (4096K)
 Metaspace       used 109421K, capacity 119156K, committed 119248K, reserved 1153024K
  class space    used 13310K, capacity 16328K, committed 16380K, reserved 1048576K
GC Heap History (10 events):
Event: 2137.170 GC heap before
{Heap before GC invocations=123 (full 0):
 garbage-first heap   total 262144K, used 231464K [0x0000000780000000, 0x0000000780100800, 0x00000007c0000000)
  region size 1024K, 140 young (143360K), 4 survivors (4096K)
 Metaspace       used 109334K, capacity 119092K, committed 119248K, reserved 1153024K
  class space    used 13310K, capacity 16328K, committed 16380K, reserved 1048576K
Event: 2137.175 GC heap after
Heap after GC invocations=124 (full 0):
 garbage-first heap   total 262144K, used 89995K [0x0000000780000000, 0x0000000780100800, 0x00000007c0000000)
  region size 1024K, 4 young (4096K), 4 survivors (4096K)
 Metaspace       used 109334K, capacity 119092K, committed 119248K, reserved 1153024K
  class space    used 13310K, capacity 16328K, committed 16380K, reserved 1048576K
}
Event: 2137.274 GC heap before
{Heap before GC invocations=124 (full 0):
 garbage-first heap   total 262144K, used 231820K [0x0000000780000000, 0x0000000780100800, 0x00000007c0000000)
  region size 1024K, 141 young (144384K), 4 survivors (4096K)
 Metaspace       used 109334K, capacity 119092K, committed 119248K, reserved 1153024K
  class space    used 13310K, capacity 16328K, committed 16380K, reserved 1048576K
Event: 2137.278 GC heap after
Heap after GC invocations=125 (full 0):
 garbage-first heap   total 262144K, used 90244K [0x0000000780000000, 0x0000000780100800, 0x00000007c0000000)
  region size 1024K, 3 young (3072K), 3 survivors (3072K)
 Metaspace       used 109334K, capacity 119092K, committed 119248K, reserved 1153024K
  class space    used 13310K, capacity 16328K, committed 16380K, reserved 1048576K
}
Event: 2137.452 GC heap before
{Heap before GC invocations=125 (full 0):
 garbage-first heap   total 262144K, used 231557K [0x0000000780000000, 0x0000000780100800, 0x00000007c0000000)
  region size 1024K, 140 young (143360K), 3 survivors (3072K)
 Metaspace       used 109334K, capacity 119092K, committed 119248K, reserved 1153024K
  class space    used 13310K, capacity 16328K, committed 16380K, reserved 1048576K
Event: 2137.457 GC heap after
Heap after GC invocations=126 (full 0):
 garbage-first heap   total 262144K, used 91359K [0x0000000780000000, 0x0000000780100800, 0x00000007c0000000)
  region size 1024K, 4 young (4096K), 4 survivors (4096K)
 Metaspace       used 109334K, capacity 119092K, committed 119248K, reserved 1153024K
  class space    used 13310K, capacity 16328K, committed 16380K, reserved 1048576K
}
Event: 2137.622 GC heap before
{Heap before GC invocations=126 (full 0):
 garbage-first heap   total 262144K, used 231648K [0x0000000780000000, 0x0000000780100800, 0x00000007c0000000)
  region size 1024K, 140 young (143360K), 4 survivors (4096K)
 Metaspace       used 109334K, capacity 119092K, committed 119248K, reserved 1153024K
  class space    used 13310K, capacity 16328K, committed 16380K, reserved 1048576K
Event: 2137.628 GC heap after
Heap after GC invocations=127 (full 0):
 garbage-first heap   total 262144K, used 92030K [0x0000000780000000, 0x0000000780100800, 0x00000007c0000000)
  region size 1024K, 5 young (5120K), 5 survivors (5120K)
 Metaspace       used 109334K, capacity 119092K, committed 119248K, reserved 1153024K
  class space    used 13310K, capacity 16328K, committed 16380K, reserved 1048576K
}
Event: 2145.657 GC heap before
{Heap before GC invocations=127 (full 0):
 garbage-first heap   total 262144K, used 230270K [0x0000000780000000, 0x0000000780100800, 0x00000007c0000000)
  region size 1024K, 139 young (142336K), 5 survivors (5120K)
 Metaspace       used 109366K, capacity 119092K, committed 119248K, reserved 1153024K
  class space    used 13310K, capacity 16328K, committed 16380K, reserved 1048576K
Event: 2145.663 GC heap after
Heap after GC invocations=128 (full 0):
 garbage-first heap   total 262144K, used 90320K [0x0000000780000000, 0x0000000780100800, 0x00000007c0000000)
  region size 1024K, 4 young (4096K), 4 survivors (4096K)
 Metaspace       used 109366K, capacity 119092K, committed 119248K, reserved 1153024K
  class space    used 13310K, capacity 16328K, committed 16380K, reserved 1048576K
}

